\BOOKMARK [0][-]{PDFTitlePage.0}{Title Page}{}% 1
\BOOKMARK [0][-]{PDFAbstractPage.0}{Abstract}{}% 2
\BOOKMARK [0][-]{contents.0}{Table of Contents}{}% 3
\BOOKMARK [0][-]{chapter*.2}{List of Figures}{}% 4
\BOOKMARK [0][-]{chapter*.3}{List of Tables}{}% 5
\BOOKMARK [0][-]{chapter.1}{Introduction to Leibniz-type rules}{}% 6
\BOOKMARK [0][-]{chapter.2}{Weighted Leibniz-type rules and applications to scattering properties of PDEs}{}% 7
\BOOKMARK [1][-]{section.2.1}{Preliminaries}{chapter.2}% 8
\BOOKMARK [2][-]{subsection.2.1.1}{Coifman-Meyer Multipliers}{section.2.1}% 9
\BOOKMARK [2][-]{subsection.2.1.2}{The scale of weighted Triebel-Lizorkin and Besov spaces}{section.2.1}% 10
\BOOKMARK [1][-]{section.2.2}{Leibniz-type rules in weighted Triebel-Lizorkin and Besov spaces}{chapter.2}% 11
\BOOKMARK [2][-]{subsection.2.2.1}{Homogeneous Leibniz-type rules}{section.2.2}% 12
\BOOKMARK [2][-]{subsection.2.2.2}{Connection to Kato-Ponce inequalities}{section.2.2}% 13
\BOOKMARK [2][-]{subsection.2.2.3}{Proof of Theorem 2.2.1}{section.2.2}% 14
\BOOKMARK [2][-]{subsection.2.2.4}{Inhomogeneous Leibniz-type rules}{section.2.2}% 15
\BOOKMARK [1][-]{section.2.3}{Leibniz rules in other functions spaces}{chapter.2}% 16
\BOOKMARK [2][-]{subsection.2.3.1}{Leibniz-type rules in the setting of Lorentz-based Triebel-Lizorkin and Besov spaces}{section.2.3}% 17
\BOOKMARK [2][-]{subsection.2.3.2}{Leibniz-type rules in the setting of Morrey based Triebel-Lizorkin and Besov spaces}{section.2.3}% 18
\BOOKMARK [2][-]{subsection.2.3.3}{Variable Lebesgue spaces}{section.2.3}% 19
\BOOKMARK [1][-]{section.2.4}{Applications to scattering properties of PDEs}{chapter.2}% 20
\BOOKMARK [0][-]{chapter.3}{Bilinear H\366rmander Classes of Critical Order}{}% 21
\BOOKMARK [1][-]{section.3.1}{Introduction}{chapter.3}% 22
\BOOKMARK [1][-]{section.3.2}{Preliminaries}{chapter.3}% 23
\BOOKMARK [2][-]{subsection.3.2.1}{Marchall's inequality for bilinear pseudodiffernetial operators}{section.3.2}% 24
\BOOKMARK [1][-]{section.3.3}{Decomposition of T and strategy for the proof of Theorem 3.1.1}{chapter.3}% 25
\BOOKMARK [2][-]{subsection.3.3.1}{Estimates for T1}{section.3.3}% 26
\BOOKMARK [2][-]{subsection.3.3.2}{Estimates for T2}{section.3.3}% 27
\BOOKMARK [2][-]{subsection.3.3.3}{Estimates for T3}{section.3.3}% 28
\BOOKMARK [1][-]{section.3.4}{Proof of Theorem 3.1.1 }{chapter.3}% 29
\BOOKMARK [1][-]{section.3.5}{Proof of Corollary ??}{chapter.3}% 30
\BOOKMARK [1][-]{section.3.6}{\200}{chapter.3}% 31
\BOOKMARK [0][-]{section*.7}{Bibliography}{}% 32
\BOOKMARK [0][-]{appendix.A}{Title for This Appendix}{}% 33
